<?xml version="1.0" encoding="UTF-8"?>
<!-- Generated by org.testng.reporters.JUnitXMLReporter -->
<testsuite hostname="N01-077" name="Default test" tests="4" failures="0" timestamp="7 Feb 2018 08:37:59 GMT" time="4.151" errors="0">
  <testcase name="doGet" time="2.397" classname="com.example.test.FormTest"/>
  <testcase name="doGet" time="0.05" classname="com.example.test.FormTest"/>
  <testcase name="doGet" time="0.057" classname="com.example.test.FormTest"/>
  <testcase name="doGet" time="0.039" classname="com.example.test.FormTest"/>
</testsuite> <!-- Default test -->
