<?xml version="1.0" encoding="UTF-8"?>
<testng-results skipped="0" failed="0" total="4" passed="4">
  <reporter-output>
  </reporter-output>
  <suite name="Default suite" duration-ms="3875" started-at="2018-02-07T08:56:20Z" finished-at="2018-02-07T08:56:24Z">
    <groups>
    </groups>
    <test name="Default test" duration-ms="3875" started-at="2018-02-07T08:56:20Z" finished-at="2018-02-07T08:56:24Z">
      <class name="com.example.test.FormTest">
        <test-method status="PASS" signature="doGet(java.lang.String, java.lang.String, java.lang.String)[pri:0, instance:com.example.test.FormTest@27f53ee3]" name="doGet" duration-ms="2104" started-at="2018-02-07T16:56:22Z" data-provider="feeder" finished-at="2018-02-07T16:56:24Z">
          <params>
            <param index="0">
              <value>
                <![CDATA[1]]>
              </value>
            </param>
            <param index="1">
              <value>
                <![CDATA[2]]>
              </value>
            </param>
            <param index="2">
              <value>
                <![CDATA[3]]>
              </value>
            </param>
          </params>
          <reporter-output>
          </reporter-output>
        </test-method> <!-- doGet -->
        <test-method status="PASS" signature="doGet(java.lang.String, java.lang.String, java.lang.String)[pri:0, instance:com.example.test.FormTest@27f53ee3]" name="doGet" duration-ms="48" started-at="2018-02-07T16:56:24Z" data-provider="feeder" finished-at="2018-02-07T16:56:24Z">
          <params>
            <param index="0">
              <value>
                <![CDATA[2]]>
              </value>
            </param>
            <param index="1">
              <value>
                <![CDATA[3]]>
              </value>
            </param>
            <param index="2">
              <value>
                <![CDATA[5]]>
              </value>
            </param>
          </params>
          <reporter-output>
          </reporter-output>
        </test-method> <!-- doGet -->
        <test-method status="PASS" signature="doGet(java.lang.String, java.lang.String, java.lang.String)[pri:0, instance:com.example.test.FormTest@27f53ee3]" name="doGet" duration-ms="59" started-at="2018-02-07T16:56:24Z" data-provider="feeder" finished-at="2018-02-07T16:56:24Z">
          <params>
            <param index="0">
              <value>
                <![CDATA[3]]>
              </value>
            </param>
            <param index="1">
              <value>
                <![CDATA[4]]>
              </value>
            </param>
            <param index="2">
              <value>
                <![CDATA[7]]>
              </value>
            </param>
          </params>
          <reporter-output>
          </reporter-output>
        </test-method> <!-- doGet -->
        <test-method status="PASS" signature="doGet(java.lang.String, java.lang.String, java.lang.String)[pri:0, instance:com.example.test.FormTest@27f53ee3]" name="doGet" duration-ms="19" started-at="2018-02-07T16:56:24Z" data-provider="feeder" finished-at="2018-02-07T16:56:24Z">
          <params>
            <param index="0">
              <value>
                <![CDATA[4]]>
              </value>
            </param>
            <param index="1">
              <value>
                <![CDATA[5]]>
              </value>
            </param>
            <param index="2">
              <value>
                <![CDATA[9]]>
              </value>
            </param>
          </params>
          <reporter-output>
          </reporter-output>
        </test-method> <!-- doGet -->
      </class> <!-- com.example.test.FormTest -->
    </test> <!-- Default test -->
  </suite> <!-- Default suite -->
</testng-results>
